*** Starting uWSGI 2.0.17 (64bit) on [Sat Apr 28 22:27:47 2018] ***
compiled with version: 4.8.4 on 23 April 2018 05:41:29
os: Linux-3.13.0-144-generic #193-Ubuntu SMP Thu Mar 15 17:03:53 UTC 2018
nodename: vagrant-ubuntu-trusty-64
machine: x86_64
clock source: unix
detected number of CPU cores: 1
current working directory: /vagrant/online_channels
detected binary path: /usr/local/bin/uwsgi
!!! no internal routing support, rebuild with pcre support !!!
uWSGI running as root, you can use --uid/--gid/--chroot options
*** WARNING: you are running uWSGI as root !!! (use the --uid flag) *** 
*** WARNING: you are running uWSGI without its master process manager ***
your processes number limit is 15933
your memory page size is 4096 bytes
detected max file descriptor number: 1024
lock engine: pthread robust mutexes
thunder lock: disabled (you can enable it with --thunder-lock)
uWSGI http bound on :8001 fd 4
spawned uWSGI http 1 (pid: 6702)
uwsgi socket 0 bound to TCP address 127.0.0.1:47309 (port auto-assigned) fd 3
uWSGI running as root, you can use --uid/--gid/--chroot options
*** WARNING: you are running uWSGI as root !!! (use the --uid flag) *** 
Python version: 3.4.3 (default, Nov 28 2017, 16:44:58)  [GCC 4.8.4]
*** Python threads support is disabled. You can enable it with --enable-threads ***
Python main interpreter initialized at 0x1678030
uWSGI running as root, you can use --uid/--gid/--chroot options
*** WARNING: you are running uWSGI as root !!! (use the --uid flag) *** 
your server socket listen backlog is limited to 100 connections
your mercy for graceful operations on workers is 60 seconds
mapped 72920 bytes (71 KB) for 1 cores
*** Operational MODE: single process ***
WSGI app 0 (mountpoint='') ready in 2 seconds on interpreter 0x1678030 pid: 6701 (default app)
uWSGI running as root, you can use --uid/--gid/--chroot options
*** WARNING: you are running uWSGI as root !!! (use the --uid flag) *** 
*** uWSGI is running in multiple interpreter mode ***
spawned uWSGI worker 1 (and the only) (pid: 6701, cores: 1)
*** Starting uWSGI 2.0.17 (64bit) on [Sat Apr 28 22:28:04 2018] ***
compiled with version: 4.8.4 on 23 April 2018 05:41:29
os: Linux-3.13.0-144-generic #193-Ubuntu SMP Thu Mar 15 17:03:53 UTC 2018
nodename: vagrant-ubuntu-trusty-64
machine: x86_64
clock source: unix
detected number of CPU cores: 1
current working directory: /vagrant/online_channels
detected binary path: /usr/local/bin/uwsgi
!!! no internal routing support, rebuild with pcre support !!!
uWSGI running as root, you can use --uid/--gid/--chroot options
*** WARNING: you are running uWSGI as root !!! (use the --uid flag) *** 
*** WARNING: you are running uWSGI without its master process manager ***
your processes number limit is 15933
your memory page size is 4096 bytes
detected max file descriptor number: 1024
lock engine: pthread robust mutexes
thunder lock: disabled (you can enable it with --thunder-lock)
uWSGI http bound on :8001 fd 4
spawned uWSGI http 1 (pid: 6725)
uwsgi socket 0 bound to TCP address 127.0.0.1:35679 (port auto-assigned) fd 3
uWSGI running as root, you can use --uid/--gid/--chroot options
*** WARNING: you are running uWSGI as root !!! (use the --uid flag) *** 
Python version: 3.4.3 (default, Nov 28 2017, 16:44:58)  [GCC 4.8.4]
*** Python threads support is disabled. You can enable it with --enable-threads ***
Python main interpreter initialized at 0x926030
uWSGI running as root, you can use --uid/--gid/--chroot options
*** WARNING: you are running uWSGI as root !!! (use the --uid flag) *** 
your server socket listen backlog is limited to 100 connections
your mercy for graceful operations on workers is 60 seconds
mapped 72920 bytes (71 KB) for 1 cores
*** Operational MODE: single process ***
WSGI app 0 (mountpoint='') ready in 1 seconds on interpreter 0x926030 pid: 6724 (default app)
uWSGI running as root, you can use --uid/--gid/--chroot options
*** WARNING: you are running uWSGI as root !!! (use the --uid flag) *** 
*** uWSGI is running in multiple interpreter mode ***
spawned uWSGI worker 1 (and the only) (pid: 6724, cores: 1)
[pid: 6724|app: 0|req: 1/1] 127.0.0.1 () {42 vars in 886 bytes} [Sat Apr 28 22:28:46 2018] GET / => generated 1638 bytes in 80 msecs (HTTP/1.0 200) 4 headers in 124 bytes (1 switches on core 0)
[pid: 6724|app: 0|req: 2/2] 127.0.0.1 () {44 vars in 940 bytes} [Sat Apr 28 22:28:49 2018] GET /log_out/ => generated 0 bytes in 43 msecs (HTTP/1.0 302) 5 headers in 213 bytes (1 switches on core 0)
[pid: 6724|app: 0|req: 3/3] 127.0.0.1 () {44 vars in 894 bytes} [Sat Apr 28 22:28:49 2018] GET /log_in/ => generated 1155 bytes in 23 msecs (HTTP/1.0 200) 5 headers in 278 bytes (1 switches on core 0)
